2017-04-05 11:26:36  [ upload:0 ] - [ INFO ]  当前日期：20170405还未创建上传订单的文件夹
2017-04-05 11:26:37  [ download:425 ] - [ INFO ]  ftp上面只有一个隐藏文件了Wed Apr 05 11:26:37 CST 2017
2017-04-05 11:27:07  [ upload:30379 ] - [ INFO ]  当前日期：20170405还未创建上传订单的文件夹
2017-04-05 11:27:07  [ download:30781 ] - [ INFO ]  ftp上有回执文件，个数为===5===下载其中最后的===5===个===Wed Apr 05 11:27:07 CST 2017
2017-04-05 11:27:07  [ download:30813 ] - [ INFO ]  下载了===5===个回执完成===Wed Apr 05 11:27:07 CST 2017
2017-04-05 11:27:07  [ download:30987 ] - [ INFO ]  新建目录成功/Users/kuajing/Desktop/FTPUpAndDown/addXml/backups/receipt/20170405
2017-04-05 11:27:07  [ download:30987 ] - [ INFO ]  开始解析===5===个回执文件===Wed Apr 05 11:27:07 CST 2017
2017-04-05 11:27:08  [ download:31206 ] - [ INFO ]  完成解析===4===个回执文件===Wed Apr 05 11:27:08 CST 2017
2017-04-05 11:27:37  [ upload:60532 ] - [ INFO ]  当前日期：20170405还未创建上传订单的文件夹
2017-04-05 11:28:07  [ upload:90720 ] - [ INFO ]  当前日期：20170405还未创建上传订单的文件夹
2017-04-05 11:28:37  [ upload:120862 ] - [ INFO ]  当前日期：20170405还未创建上传订单的文件夹
2017-04-05 11:28:38  [ upload:0 ] - [ INFO ]  当前日期：20170405还未创建上传订单的文件夹
2017-04-05 11:28:38  [ download:1 ] - [ INFO ]  temp文件夹有文件，个数为===5===解析其中最后的===200===个===Wed Apr 05 11:28:38 CST 2017
2017-04-05 11:28:39  [ download:369 ] - [ INFO ]  开始解析===5===个回执文件===Wed Apr 05 11:28:39 CST 2017
2017-04-05 11:28:39  [ download:662 ] - [ INFO ]  完成解析===4===个回执文件===Wed Apr 05 11:28:39 CST 2017
2017-04-05 11:29:08  [ upload:151279 ] - [ INFO ]  当前日期：20170405还未创建上传订单的文件夹
2017-04-05 11:29:09  [ upload:30387 ] - [ INFO ]  当前日期：20170405还未创建上传订单的文件夹
2017-04-05 11:29:10  [ download:0 ] - [ INFO ]  temp文件夹有文件，个数为===5===解析其中最后的===200===个===Wed Apr 05 11:29:10 CST 2017
2017-04-05 11:29:10  [ upload:0 ] - [ INFO ]  当前日期：20170405还未创建上传订单的文件夹
2017-04-05 11:29:10  [ download:292 ] - [ INFO ]  开始解析===5===个回执文件===Wed Apr 05 11:29:10 CST 2017
2017-04-05 11:29:11  [ download:485 ] - [ INFO ]  完成解析===4===个回执文件===Wed Apr 05 11:29:11 CST 2017
2017-04-05 11:29:14  [ download:3783 ] - [ INFO ]  插入完成===4===个回执文件===Wed Apr 05 11:29:14 CST 2017
2017-04-05 11:29:14  [ download:3785 ] - [ INFO ]  移动temp文件完成===Wed Apr 05 11:29:14 CST 2017
2017-04-05 11:29:14  [ download:3978 ] - [ INFO ]  ftp上面只有一个隐藏文件了Wed Apr 05 11:29:14 CST 2017
2017-04-05 11:29:38  [ upload:181478 ] - [ INFO ]  当前日期：20170405还未创建上传订单的文件夹
2017-04-05 11:29:39  [ upload:60533 ] - [ INFO ]  当前日期：20170405还未创建上传订单的文件夹
2017-04-05 11:30:08  [ upload:211659 ] - [ INFO ]  当前日期：20170405还未创建上传订单的文件夹
2017-04-05 11:30:09  [ upload:90673 ] - [ INFO ]  当前日期：20170405还未创建上传订单的文件夹
2017-04-05 11:30:38  [ upload:241807 ] - [ INFO ]  当前日期：20170405还未创建上传订单的文件夹
2017-04-05 11:30:39  [ upload:120817 ] - [ INFO ]  当前日期：20170405还未创建上传订单的文件夹
2017-04-05 11:31:08  [ upload:271942 ] - [ INFO ]  当前日期：20170405还未创建上传订单的文件夹
2017-04-05 11:31:09  [ upload:150955 ] - [ INFO ]  当前日期：20170405还未创建上传订单的文件夹
2017-04-05 11:31:39  [ upload:302085 ] - [ INFO ]  当前日期：20170405还未创建上传订单的文件夹
2017-04-05 11:31:39  [ upload:181091 ] - [ INFO ]  当前日期：20170405还未创建上传订单的文件夹
2017-04-05 11:32:09  [ upload:332217 ] - [ INFO ]  当前日期：20170405还未创建上传订单的文件夹
2017-04-05 11:32:09  [ upload:211226 ] - [ INFO ]  当前日期：20170405还未创建上传订单的文件夹
2017-04-05 11:32:39  [ upload:362354 ] - [ INFO ]  当前日期：20170405还未创建上传订单的文件夹
2017-04-05 11:32:40  [ upload:241365 ] - [ INFO ]  当前日期：20170405还未创建上传订单的文件夹
2017-04-05 11:33:09  [ upload:392494 ] - [ INFO ]  当前日期：20170405还未创建上传订单的文件夹
2017-04-05 11:33:10  [ upload:271495 ] - [ INFO ]  当前日期：20170405还未创建上传订单的文件夹
2017-04-05 11:33:39  [ upload:422628 ] - [ INFO ]  当前日期：20170405还未创建上传订单的文件夹
2017-04-05 11:33:40  [ upload:301633 ] - [ INFO ]  当前日期：20170405还未创建上传订单的文件夹
2017-04-05 11:34:09  [ upload:452762 ] - [ INFO ]  当前日期：20170405还未创建上传订单的文件夹
2017-04-05 11:34:10  [ upload:331767 ] - [ INFO ]  当前日期：20170405还未创建上传订单的文件夹
2017-04-05 11:34:39  [ upload:482902 ] - [ INFO ]  当前日期：20170405还未创建上传订单的文件夹
2017-04-05 11:34:40  [ upload:361905 ] - [ INFO ]  当前日期：20170405还未创建上传订单的文件夹
2017-04-05 11:35:10  [ upload:513042 ] - [ INFO ]  当前日期：20170405还未创建上传订单的文件夹
2017-04-05 11:35:10  [ upload:392040 ] - [ INFO ]  当前日期：20170405还未创建上传订单的文件夹
2017-04-05 11:35:40  [ upload:543182 ] - [ INFO ]  当前日期：20170405还未创建上传订单的文件夹
2017-04-05 11:35:40  [ upload:422180 ] - [ INFO ]  当前日期：20170405还未创建上传订单的文件夹
2017-04-05 11:36:10  [ upload:573314 ] - [ INFO ]  当前日期：20170405还未创建上传订单的文件夹
2017-04-05 11:36:11  [ upload:452320 ] - [ INFO ]  当前日期：20170405还未创建上传订单的文件夹
2017-04-05 11:36:40  [ upload:603456 ] - [ INFO ]  当前日期：20170405还未创建上传订单的文件夹
2017-04-05 11:36:41  [ upload:482456 ] - [ INFO ]  当前日期：20170405还未创建上传订单的文件夹
2017-04-05 11:37:10  [ upload:633590 ] - [ INFO ]  当前日期：20170405还未创建上传订单的文件夹
2017-04-05 11:37:11  [ upload:512600 ] - [ INFO ]  当前日期：20170405还未创建上传订单的文件夹
2017-04-05 11:37:40  [ upload:663760 ] - [ INFO ]  当前日期：20170405还未创建上传订单的文件夹
2017-04-05 11:37:41  [ upload:542774 ] - [ INFO ]  当前日期：20170405还未创建上传订单的文件夹
2017-04-05 11:38:10  [ upload:693905 ] - [ INFO ]  当前日期：20170405还未创建上传订单的文件夹
2017-04-05 11:38:11  [ upload:572916 ] - [ INFO ]  当前日期：20170405还未创建上传订单的文件夹
2017-04-05 11:38:41  [ upload:724079 ] - [ INFO ]  当前日期：20170405还未创建上传订单的文件夹
2017-04-05 11:38:41  [ upload:603058 ] - [ INFO ]  当前日期：20170405还未创建上传订单的文件夹
2017-04-05 11:39:11  [ upload:754219 ] - [ INFO ]  当前日期：20170405还未创建上传订单的文件夹
2017-04-05 11:39:11  [ upload:633195 ] - [ INFO ]  当前日期：20170405还未创建上传订单的文件夹
2017-04-05 11:39:41  [ upload:784355 ] - [ INFO ]  当前日期：20170405还未创建上传订单的文件夹
2017-04-05 11:39:42  [ upload:663335 ] - [ INFO ]  当前日期：20170405还未创建上传订单的文件夹
2017-04-05 11:40:11  [ upload:814491 ] - [ INFO ]  当前日期：20170405还未创建上传订单的文件夹
2017-04-05 11:40:12  [ upload:693466 ] - [ INFO ]  当前日期：20170405还未创建上传订单的文件夹
2017-04-05 11:40:41  [ upload:844630 ] - [ INFO ]  当前日期：20170405还未创建上传订单的文件夹
2017-04-05 11:40:42  [ upload:723603 ] - [ INFO ]  当前日期：20170405还未创建上传订单的文件夹
2017-04-05 11:41:11  [ upload:874767 ] - [ INFO ]  当前日期：20170405还未创建上传订单的文件夹
2017-04-05 11:41:12  [ upload:753734 ] - [ INFO ]  当前日期：20170405还未创建上传订单的文件夹
2017-04-05 11:41:41  [ upload:904975 ] - [ INFO ]  当前日期：20170405还未创建上传订单的文件夹
2017-04-05 11:41:42  [ upload:783881 ] - [ INFO ]  当前日期：20170405还未创建上传订单的文件夹
2017-04-05 11:42:12  [ upload:935124 ] - [ INFO ]  当前日期：20170405还未创建上传订单的文件夹
2017-04-05 11:42:12  [ upload:814022 ] - [ INFO ]  当前日期：20170405还未创建上传订单的文件夹
2017-04-05 11:42:42  [ upload:965261 ] - [ INFO ]  当前日期：20170405还未创建上传订单的文件夹
2017-04-05 11:42:42  [ upload:844165 ] - [ INFO ]  当前日期：20170405还未创建上传订单的文件夹
2017-04-05 11:43:12  [ upload:995400 ] - [ INFO ]  当前日期：20170405还未创建上传订单的文件夹
2017-04-05 11:43:13  [ upload:874300 ] - [ INFO ]  当前日期：20170405还未创建上传订单的文件夹
2017-04-05 11:43:42  [ upload:1025535 ] - [ INFO ]  当前日期：20170405还未创建上传订单的文件夹
2017-04-05 11:43:43  [ upload:904439 ] - [ INFO ]  当前日期：20170405还未创建上传订单的文件夹
2017-04-05 11:44:12  [ upload:1055683 ] - [ INFO ]  当前日期：20170405还未创建上传订单的文件夹
2017-04-05 11:44:13  [ upload:934579 ] - [ INFO ]  当前日期：20170405还未创建上传订单的文件夹
2017-04-05 11:44:42  [ upload:1085851 ] - [ INFO ]  当前日期：20170405还未创建上传订单的文件夹
2017-04-05 11:44:43  [ upload:964718 ] - [ INFO ]  当前日期：20170405还未创建上传订单的文件夹
2017-04-05 11:45:12  [ upload:1115992 ] - [ INFO ]  当前日期：20170405还未创建上传订单的文件夹
2017-04-05 11:45:13  [ upload:994866 ] - [ INFO ]  当前日期：20170405还未创建上传订单的文件夹
2017-04-05 11:45:43  [ upload:1146253 ] - [ INFO ]  当前日期：20170405还未创建上传订单的文件夹
2017-04-05 11:45:43  [ upload:1025004 ] - [ INFO ]  当前日期：20170405还未创建上传订单的文件夹
2017-04-05 11:46:13  [ upload:1176393 ] - [ INFO ]  当前日期：20170405还未创建上传订单的文件夹
2017-04-05 11:46:13  [ upload:1055141 ] - [ INFO ]  当前日期：20170405还未创建上传订单的文件夹
2017-04-05 11:46:43  [ upload:1206573 ] - [ INFO ]  当前日期：20170405还未创建上传订单的文件夹
2017-04-05 11:46:44  [ upload:1085283 ] - [ INFO ]  当前日期：20170405还未创建上传订单的文件夹
2017-04-05 11:47:13  [ upload:1236786 ] - [ INFO ]  当前日期：20170405还未创建上传订单的文件夹
2017-04-05 11:47:14  [ upload:1115439 ] - [ INFO ]  当前日期：20170405还未创建上传订单的文件夹
2017-04-05 11:47:43  [ upload:1266950 ] - [ INFO ]  当前日期：20170405还未创建上传订单的文件夹
2017-04-05 11:47:44  [ upload:1145571 ] - [ INFO ]  当前日期：20170405还未创建上传订单的文件夹
2017-04-05 11:48:14  [ upload:1297087 ] - [ INFO ]  当前日期：20170405还未创建上传订单的文件夹
2017-04-05 11:48:14  [ upload:1175712 ] - [ INFO ]  当前日期：20170405还未创建上传订单的文件夹
2017-04-05 11:48:44  [ upload:1327247 ] - [ INFO ]  当前日期：20170405还未创建上传订单的文件夹
2017-04-05 11:48:44  [ upload:1205882 ] - [ INFO ]  当前日期：20170405还未创建上传订单的文件夹
2017-04-05 11:49:14  [ upload:1357390 ] - [ INFO ]  当前日期：20170405还未创建上传订单的文件夹
2017-04-05 11:49:14  [ upload:1236016 ] - [ INFO ]  当前日期：20170405还未创建上传订单的文件夹
2017-04-05 11:49:44  [ upload:1387572 ] - [ INFO ]  当前日期：20170405还未创建上传订单的文件夹
2017-04-05 11:49:44  [ upload:1266162 ] - [ INFO ]  当前日期：20170405还未创建上传订单的文件夹
2017-04-05 11:50:14  [ upload:1417758 ] - [ INFO ]  当前日期：20170405还未创建上传订单的文件夹
2017-04-05 11:50:15  [ upload:1296303 ] - [ INFO ]  当前日期：20170405还未创建上传订单的文件夹
2017-04-05 11:50:44  [ upload:1447901 ] - [ INFO ]  当前日期：20170405还未创建上传订单的文件夹
2017-04-05 11:50:45  [ upload:1326439 ] - [ INFO ]  当前日期：20170405还未创建上传订单的文件夹
2017-04-05 11:51:15  [ upload:1478090 ] - [ INFO ]  当前日期：20170405还未创建上传订单的文件夹
2017-04-05 11:51:15  [ upload:1356595 ] - [ INFO ]  当前日期：20170405还未创建上传订单的文件夹
2017-04-05 11:51:45  [ upload:1508242 ] - [ INFO ]  当前日期：20170405还未创建上传订单的文件夹
2017-04-05 11:51:45  [ upload:1386735 ] - [ INFO ]  当前日期：20170405还未创建上传订单的文件夹
2017-04-05 11:52:15  [ upload:1538377 ] - [ INFO ]  当前日期：20170405还未创建上传订单的文件夹
2017-04-05 11:52:15  [ upload:1416874 ] - [ INFO ]  当前日期：20170405还未创建上传订单的文件夹
2017-04-05 11:52:45  [ upload:1568512 ] - [ INFO ]  当前日期：20170405还未创建上传订单的文件夹
2017-04-05 11:52:45  [ upload:1447017 ] - [ INFO ]  当前日期：20170405还未创建上传订单的文件夹
2017-04-05 11:53:15  [ upload:1598696 ] - [ INFO ]  当前日期：20170405还未创建上传订单的文件夹
2017-04-05 11:53:15  [ upload:1477176 ] - [ INFO ]  当前日期：20170405还未创建上传订单的文件夹
2017-04-05 11:53:45  [ upload:1628875 ] - [ INFO ]  当前日期：20170405还未创建上传订单的文件夹
2017-04-05 11:53:46  [ upload:1507501 ] - [ INFO ]  当前日期：20170405还未创建上传订单的文件夹
2017-04-05 11:54:16  [ upload:1659061 ] - [ INFO ]  当前日期：20170405还未创建上传订单的文件夹
2017-04-05 11:54:16  [ upload:1537645 ] - [ INFO ]  当前日期：20170405还未创建上传订单的文件夹
2017-04-05 11:54:46  [ upload:1689232 ] - [ INFO ]  当前日期：20170405还未创建上传订单的文件夹
2017-04-05 11:54:46  [ upload:1567798 ] - [ INFO ]  当前日期：20170405还未创建上传订单的文件夹
2017-04-05 11:55:16  [ upload:1719371 ] - [ INFO ]  当前日期：20170405还未创建上传订单的文件夹
2017-04-05 11:55:16  [ upload:1597939 ] - [ INFO ]  当前日期：20170405还未创建上传订单的文件夹
2017-04-05 11:55:46  [ upload:1749518 ] - [ INFO ]  当前日期：20170405还未创建上传订单的文件夹
2017-04-05 11:55:46  [ upload:1628080 ] - [ INFO ]  当前日期：20170405还未创建上传订单的文件夹
2017-04-05 11:56:16  [ upload:1779696 ] - [ INFO ]  当前日期：20170405还未创建上传订单的文件夹
2017-04-05 11:56:16  [ upload:1658225 ] - [ INFO ]  当前日期：20170405还未创建上传订单的文件夹
2017-04-05 11:56:46  [ upload:1809861 ] - [ INFO ]  当前日期：20170405还未创建上传订单的文件夹
2017-04-05 11:56:47  [ upload:1688366 ] - [ INFO ]  当前日期：20170405还未创建上传订单的文件夹
2017-04-05 11:57:17  [ upload:1840060 ] - [ INFO ]  当前日期：20170405还未创建上传订单的文件夹
2017-04-05 11:57:17  [ upload:1718525 ] - [ INFO ]  当前日期：20170405还未创建上传订单的文件夹
2017-04-05 11:57:47  [ upload:1870257 ] - [ INFO ]  当前日期：20170405还未创建上传订单的文件夹
2017-04-05 11:57:47  [ upload:1748679 ] - [ INFO ]  当前日期：20170405还未创建上传订单的文件夹
2017-04-05 11:58:17  [ upload:1900423 ] - [ INFO ]  当前日期：20170405还未创建上传订单的文件夹
2017-04-05 11:58:17  [ upload:1778831 ] - [ INFO ]  当前日期：20170405还未创建上传订单的文件夹
